Fri Mar 17 15:14:26 -03 2023: 
 tests:  1|6
total_score: 10/70
2300d69
Fri Mar 17 15:15:43 -03 2023: 
 exercises.c | 11 ++++++++++-
 1 file changed, 10 insertions(+), 1 deletion(-)
 tests:  2|5
total_score: 20/70
3a86623
Fri Mar 17 15:16:04 -03 2023: 
 exercises.c | 4 ++--
 1 file changed, 2 insertions(+), 2 deletions(-)
In file included from test.c:5:
./exercises.c:28:9: error: incompatible pointer to integer conversion assigning to 'int' from 'int *'; dereference with * [-Werror,-Wint-conversion]
   *max = a;
        ^ ~
          *
./exercises.c:29:9: error: incompatible pointer to integer conversion assigning to 'int' from 'int *'; dereference with * [-Werror,-Wint-conversion]
   *min = a;
        ^ ~
          *
2 errors generated.
Compilation failed
6b6283b
Fri Mar 17 15:16:13 -03 2023: 
 exercises.c | 4 ++--
 1 file changed, 2 insertions(+), 2 deletions(-)
In file included from test.c:5:
./exercises.c:28:13: error: expected expression
   *max = a[];
            ^
./exercises.c:29:13: error: expected expression
   *min = a[];
            ^
2 errors generated.
Compilation failed
89b2c97
Fri Mar 17 15:17:42 -03 2023: 
 exercises.c | 9 +++++----
 1 file changed, 5 insertions(+), 4 deletions(-)
 tests:  2|5
total_score: 20/70
d3fee01
Fri Mar 17 15:19:33 -03 2023: 
 exercises.c | 4 +++-
 1 file changed, 3 insertions(+), 1 deletion(-)
 tests:  2|5
total_score: 20/70
74cfb07
Fri Mar 17 15:25:26 -03 2023: 
 exercises.c | 8 ++++++++
 1 file changed, 8 insertions(+)
In file included from test.c:5:
./exercises.c:66:4: error: array index 11 is past the end of the array (which contains 11 elements) [-Werror,-Warray-bounds]
   p->rut[11] = '\0';
   ^      ~~
./exercises.c:53:3: note: array 'rut' declared here
  char rut[11];
  ^
1 error generated.
Compilation failed
b48624c
Fri Mar 17 15:25:42 -03 2023: 
 exercises.c | 6 +++---
 1 file changed, 3 insertions(+), 3 deletions(-)
 tests:  3|4
total_score: 30/70
5af2483
Sat Mar 18 19:02:50 -03 2023: 
 exercises.c | 7 +++----
 1 file changed, 3 insertions(+), 4 deletions(-)
 tests:  3|4
total_score: 30/70
aa88e2e
Sat Mar 18 19:04:08 -03 2023: 
 exercises.c | 2 +-
 1 file changed, 1 insertion(+), 1 deletion(-)
 tests:  3|4
total_score: 30/70
d1100b4
Sat Mar 18 19:06:55 -03 2023: 
 exercises.c | 6 +++++-
 1 file changed, 5 insertions(+), 1 deletion(-)
 tests:  4|3
total_score: 40/70
a84b51a
Sat Mar 18 19:09:29 -03 2023: 
 exercises.c | 3 ++-
 1 file changed, 2 insertions(+), 1 deletion(-)
In file included from test.c:5:
./exercises.c:102:23: error: expected ';' after expression
   v->datos[i] = valor
                      ^
                      ;
1 error generated.
Compilation failed
de86b41
Sat Mar 18 19:09:38 -03 2023: 
 exercises.c | 1 -
 1 file changed, 1 deletion(-)
 tests:  4|3
total_score: 40/70
a19880a
Sat Mar 18 19:10:34 -03 2023: 
 exercises.c | 2 +-
 1 file changed, 1 insertion(+), 1 deletion(-)
 tests:  4|3
total_score: 40/70
f6d54db
Sat Mar 18 19:11:40 -03 2023: 
 exercises.c | 3 +++
 1 file changed, 3 insertions(+)
 tests:  4|3
total_score: 40/70
1f87489
Sat Mar 18 19:14:57 -03 2023: 
 exercises.c | 3 +--
 1 file changed, 1 insertion(+), 2 deletions(-)
 tests:  4|3
total_score: 40/70
dd5cd8b
